<?xml version="1.0" encoding="UTF-8"?>
<!-- Generated by org.testng.reporters.JUnitXMLReporter -->
<testsuite ignored="2" hostname="TAHIR" failures="0" tests="1" name="Default test" time="15.242" errors="0" timestamp="2022-11-05T15:15:20 IST">
  <testcase classname="test.VerifyAddToCartForSingleProduct" name="verifyProductIsAddedToCart" time="2.746"/>
  <testcase classname="test.VerifyAddToCartForSingleProduct" name="verifyAddToCartForSingleProduct" time="0.0">
    <ignored/>
  </testcase> <!-- verifyAddToCartForSingleProduct -->
  <testcase classname="test.VerifyAddToCartForSingleProduct" name="verifyBackToProductButton" time="0.0">
    <ignored/>
  </testcase> <!-- verifyBackToProductButton -->
</testsuite> <!-- Default test -->
