<?xml version="1.0" encoding="UTF-8"?>
<!-- Generated by org.testng.reporters.JUnitXMLReporter -->
<testsuite ignored="3" hostname="TAHIR" failures="0" tests="1" name="Default test" time="16.965" errors="0" timestamp="2023-01-28T15:46:38 IST">
  <testcase classname="test.Login" name="fileUpload" time="16.807"/>
  <testcase classname="test.Login" name="loginWithTestData" time="0.0">
    <ignored/>
  </testcase> <!-- loginWithTestData -->
  <testcase classname="test.Login" name="textFileDownload" time="0.0">
    <ignored/>
  </testcase> <!-- textFileDownload -->
  <testcase classname="test.Login" name="pdfFileDownload" time="0.0">
    <ignored/>
  </testcase> <!-- pdfFileDownload -->
</testsuite> <!-- Default test -->
