<?xml version="1.0" encoding="UTF-8"?>
<testng-results ignored="0" total="4" passed="3" failed="1" skipped="0">
  <reporter-output>
  </reporter-output>
  <suite started-at="2022-12-28T10:50:41 IST" name="Default suite" finished-at="2022-12-28T10:51:27 IST" duration-ms="46625">
    <groups>
    </groups>
    <test started-at="2022-12-28T10:50:41 IST" name="Default test" finished-at="2022-12-28T10:51:27 IST" duration-ms="46625">
      <class name="test.SwagLabsLoginTest">
        <test-method is-config="true" signature="configureReports()[pri:0, instance:test.SwagLabsLoginTest@3f6f6701]" started-at="2022-12-28T10:50:41 IST" name="configureReports" finished-at="2022-12-28T10:50:42 IST" duration-ms="1199" status="PASS">
          <reporter-output>
          </reporter-output>
        </test-method> <!-- configureReports -->
        <test-method is-config="true" signature="launchBrowser()[pri:0, instance:test.SwagLabsLoginTest@3f6f6701]" started-at="2022-12-28T10:50:46 IST" name="launchBrowser" finished-at="2022-12-28T10:50:54 IST" duration-ms="8769" status="PASS">
          <reporter-output>
          </reporter-output>
        </test-method> <!-- launchBrowser -->
        <test-method signature="swagLabsLoginTestWithValidCredentials(java.lang.String,java.lang.String)[pri:0, instance:test.SwagLabsLoginTest@3f6f6701]" started-at="2022-12-28T10:50:54 IST" name="swagLabsLoginTestWithValidCredentials" data-provider="LoginData" finished-at="2022-12-28T10:50:56 IST" duration-ms="1323" status="PASS">
          <params>
            <param index="0">
              <value>
                <![CDATA[standard_user]]>
              </value>
            </param>
            <param index="1">
              <value>
                <![CDATA[secret_sauce]]>
              </value>
            </param>
          </params>
          <reporter-output>
          </reporter-output>
        </test-method> <!-- swagLabsLoginTestWithValidCredentials -->
        <test-method is-config="true" signature="getTestResults(org.testng.ITestResult)[pri:0, instance:test.SwagLabsLoginTest@3f6f6701]" started-at="2022-12-28T10:50:56 IST" name="getTestResults" finished-at="2022-12-28T10:50:56 IST" duration-ms="82" status="PASS">
          <params>
            <param index="0">
              <value>
                <![CDATA[[TestResult name=swagLabsLoginTestWithValidCredentials status=SUCCESS method=SwagLabsLoginTest.swagLabsLoginTestWithValidCredentials(java.lang.String,java.lang.String)[pri:0, instance:test.SwagLabsLoginTest@3f6f6701] output={null}]]]>
              </value>
            </param>
          </params>
          <reporter-output>
          </reporter-output>
        </test-method> <!-- getTestResults -->
        <test-method is-config="true" signature="launchBrowser()[pri:0, instance:test.SwagLabsLoginTest@3f6f6701]" started-at="2022-12-28T10:50:56 IST" name="launchBrowser" finished-at="2022-12-28T10:51:02 IST" duration-ms="6442" status="PASS">
          <reporter-output>
          </reporter-output>
        </test-method> <!-- launchBrowser -->
        <test-method signature="swagLabsLoginTestWithValidCredentials(java.lang.String,java.lang.String)[pri:0, instance:test.SwagLabsLoginTest@3f6f6701]" started-at="2022-12-28T10:51:02 IST" name="swagLabsLoginTestWithValidCredentials" data-provider="LoginData" finished-at="2022-12-28T10:51:03 IST" duration-ms="896" status="FAIL">
          <params>
            <param index="0">
              <value>
                <![CDATA[locked_out_user]]>
              </value>
            </param>
            <param index="1">
              <value>
                <![CDATA[secret_sauce]]>
              </value>
            </param>
          </params>
          <exception class="java.lang.AssertionError">
            <message>
              <![CDATA[expected [https://www.saucedemo.com/inventory.html] but found [https://www.saucedemo.com/]]]>
            </message>
            <full-stacktrace>
              <![CDATA[java.lang.AssertionError: expected [https://www.saucedemo.com/inventory.html] but found [https://www.saucedemo.com/]
at org.testng.Assert.fail(Assert.java:99)
at org.testng.Assert.failNotEquals(Assert.java:1037)
at org.testng.Assert.assertEqualsImpl(Assert.java:140)
at org.testng.Assert.assertEquals(Assert.java:122)
at org.testng.Assert.assertEquals(Assert.java:629)
at org.testng.Assert.assertEquals(Assert.java:639)
at test.SwagLabsLoginTest.swagLabsLoginTestWithValidCredentials(SwagLabsLoginTest.java:59)
at java.base/jdk.internal.reflect.NativeMethodAccessorImpl.invoke0(Native Method)
at java.base/jdk.internal.reflect.NativeMethodAccessorImpl.invoke(NativeMethodAccessorImpl.java:77)
at java.base/jdk.internal.reflect.DelegatingMethodAccessorImpl.invoke(DelegatingMethodAccessorImpl.java:43)
at java.base/java.lang.reflect.Method.invoke(Method.java:568)
at org.testng.internal.MethodInvocationHelper.invokeMethod(MethodInvocationHelper.java:133)
at org.testng.internal.TestInvoker.invokeMethod(TestInvoker.java:598)
at org.testng.internal.TestInvoker.invokeTestMethod(TestInvoker.java:173)
at org.testng.internal.MethodRunner.runInSequence(MethodRunner.java:46)
at org.testng.internal.TestInvoker$MethodInvocationAgent.invoke(TestInvoker.java:824)
at org.testng.internal.TestInvoker.invokeTestMethods(TestInvoker.java:146)
at org.testng.internal.TestMethodWorker.invokeTestMethods(TestMethodWorker.java:146)
at org.testng.internal.TestMethodWorker.run(TestMethodWorker.java:128)
at java.base/java.util.ArrayList.forEach(ArrayList.java:1511)
at org.testng.TestRunner.privateRun(TestRunner.java:794)
at org.testng.TestRunner.run(TestRunner.java:596)
at org.testng.SuiteRunner.runTest(SuiteRunner.java:377)
at org.testng.SuiteRunner.runSequentially(SuiteRunner.java:371)
at org.testng.SuiteRunner.privateRun(SuiteRunner.java:332)
at org.testng.SuiteRunner.run(SuiteRunner.java:276)
at org.testng.SuiteRunnerWorker.runSuite(SuiteRunnerWorker.java:53)
at org.testng.SuiteRunnerWorker.run(SuiteRunnerWorker.java:96)
at org.testng.TestNG.runSuitesSequentially(TestNG.java:1212)
at org.testng.TestNG.runSuitesLocally(TestNG.java:1134)
at org.testng.TestNG.runSuites(TestNG.java:1063)
at org.testng.TestNG.run(TestNG.java:1031)
at org.testng.remote.AbstractRemoteTestNG.run(AbstractRemoteTestNG.java:115)
at org.testng.remote.RemoteTestNG.initAndRun(RemoteTestNG.java:251)
at org.testng.remote.RemoteTestNG.main(RemoteTestNG.java:77)
]]>
            </full-stacktrace>
          </exception> <!-- java.lang.AssertionError -->
          <reporter-output>
          </reporter-output>
        </test-method> <!-- swagLabsLoginTestWithValidCredentials -->
        <test-method is-config="true" signature="getTestResults(org.testng.ITestResult)[pri:0, instance:test.SwagLabsLoginTest@3f6f6701]" started-at="2022-12-28T10:51:04 IST" name="getTestResults" finished-at="2022-12-28T10:51:04 IST" duration-ms="9" status="PASS">
          <params>
            <param index="0">
              <value>
                <![CDATA[[TestResult name=swagLabsLoginTestWithValidCredentials status=FAILURE method=SwagLabsLoginTest.swagLabsLoginTestWithValidCredentials(java.lang.String,java.lang.String)[pri:0, instance:test.SwagLabsLoginTest@3f6f6701] output={null}]]]>
              </value>
            </param>
          </params>
          <reporter-output>
          </reporter-output>
        </test-method> <!-- getTestResults -->
        <test-method is-config="true" signature="launchBrowser()[pri:0, instance:test.SwagLabsLoginTest@3f6f6701]" started-at="2022-12-28T10:51:04 IST" name="launchBrowser" finished-at="2022-12-28T10:51:11 IST" duration-ms="7419" status="PASS">
          <reporter-output>
          </reporter-output>
        </test-method> <!-- launchBrowser -->
        <test-method signature="swagLabsLoginTestWithValidCredentials(java.lang.String,java.lang.String)[pri:0, instance:test.SwagLabsLoginTest@3f6f6701]" started-at="2022-12-28T10:51:11 IST" name="swagLabsLoginTestWithValidCredentials" data-provider="LoginData" finished-at="2022-12-28T10:51:13 IST" duration-ms="1507" status="PASS">
          <params>
            <param index="0">
              <value>
                <![CDATA[problem_user]]>
              </value>
            </param>
            <param index="1">
              <value>
                <![CDATA[secret_sauce]]>
              </value>
            </param>
          </params>
          <reporter-output>
          </reporter-output>
        </test-method> <!-- swagLabsLoginTestWithValidCredentials -->
        <test-method is-config="true" signature="getTestResults(org.testng.ITestResult)[pri:0, instance:test.SwagLabsLoginTest@3f6f6701]" started-at="2022-12-28T10:51:13 IST" name="getTestResults" finished-at="2022-12-28T10:51:13 IST" duration-ms="4" status="PASS">
          <params>
            <param index="0">
              <value>
                <![CDATA[[TestResult name=swagLabsLoginTestWithValidCredentials status=SUCCESS method=SwagLabsLoginTest.swagLabsLoginTestWithValidCredentials(java.lang.String,java.lang.String)[pri:0, instance:test.SwagLabsLoginTest@3f6f6701] output={null}]]]>
              </value>
            </param>
          </params>
          <reporter-output>
          </reporter-output>
        </test-method> <!-- getTestResults -->
        <test-method is-config="true" signature="launchBrowser()[pri:0, instance:test.SwagLabsLoginTest@3f6f6701]" started-at="2022-12-28T10:51:13 IST" name="launchBrowser" finished-at="2022-12-28T10:51:19 IST" duration-ms="6072" status="PASS">
          <reporter-output>
          </reporter-output>
        </test-method> <!-- launchBrowser -->
        <test-method signature="swagLabsLoginTestWithValidCredentials(java.lang.String,java.lang.String)[pri:0, instance:test.SwagLabsLoginTest@3f6f6701]" started-at="2022-12-28T10:51:19 IST" name="swagLabsLoginTestWithValidCredentials" data-provider="LoginData" finished-at="2022-12-28T10:51:25 IST" duration-ms="6364" status="PASS">
          <params>
            <param index="0">
              <value>
                <![CDATA[performance_glitch_user]]>
              </value>
            </param>
            <param index="1">
              <value>
                <![CDATA[secret_sauce]]>
              </value>
            </param>
          </params>
          <reporter-output>
          </reporter-output>
        </test-method> <!-- swagLabsLoginTestWithValidCredentials -->
        <test-method is-config="true" signature="getTestResults(org.testng.ITestResult)[pri:0, instance:test.SwagLabsLoginTest@3f6f6701]" started-at="2022-12-28T10:51:25 IST" name="getTestResults" finished-at="2022-12-28T10:51:25 IST" duration-ms="1" status="PASS">
          <params>
            <param index="0">
              <value>
                <![CDATA[[TestResult name=swagLabsLoginTestWithValidCredentials status=SUCCESS method=SwagLabsLoginTest.swagLabsLoginTestWithValidCredentials(java.lang.String,java.lang.String)[pri:0, instance:test.SwagLabsLoginTest@3f6f6701] output={null}]]]>
              </value>
            </param>
          </params>
          <reporter-output>
          </reporter-output>
        </test-method> <!-- getTestResults -->
        <test-method is-config="true" signature="publishResult()[pri:0, instance:test.SwagLabsLoginTest@3f6f6701]" started-at="2022-12-28T10:51:25 IST" name="publishResult" finished-at="2022-12-28T10:51:27 IST" duration-ms="2027" status="PASS">
          <reporter-output>
          </reporter-output>
        </test-method> <!-- publishResult -->
      </class> <!-- test.SwagLabsLoginTest -->
    </test> <!-- Default test -->
  </suite> <!-- Default suite -->
</testng-results>
